#
# There is insufficient memory for the Java Runtime Environment to continue.
# Native memory allocation (malloc) failed to allocate 93648 bytes for Chunk::new
# Possible reasons:
#   The system is out of physical RAM or swap space
#   The process is running with CompressedOops enabled, and the Java Heap may be blocking the growth of the native heap
# Possible solutions:
#   Reduce memory load on the system
#   Increase physical memory or swap space
#   Check if swap backing store is full
#   Decrease Java heap size (-Xmx/-Xms)
#   Decrease number of Java threads
#   Decrease Java thread stack sizes (-Xss)
#   Set larger code cache with -XX:ReservedCodeCacheSize=
#   JVM is running with Unscaled Compressed Oops mode in which the Java heap is
#     placed in the first 4GB address space. The Java Heap base address is the
#     maximum limit for the native heap growth. Please use -XX:HeapBaseMinAddress
#     to set the Java Heap base and to place the Java Heap above 4GB virtual address.
# This output file may be truncated or incomplete.
#
#  Out of Memory Error (arena.cpp:195), pid=13572, tid=12020
#
# JRE version: OpenJDK Runtime Environment Corretto-16.0.2.7.1 (16.0.2+7) (build 16.0.2+7)
# Java VM: OpenJDK 64-Bit Server VM Corretto-16.0.2.7.1 (16.0.2+7, mixed mode, sharing, tiered, compressed oops, compressed class ptrs, g1 gc, windows-amd64)
# No core dump will be written. Minidumps are not enabled by default on client versions of Windows
#

---------------  S U M M A R Y ------------

Command Line: -javaagent:C:\Program Files\JetBrains\IntelliJ IDEA Community Edition 2021.2.2\lib\idea_rt.jar=64085:C:\Program Files\JetBrains\IntelliJ IDEA Community Edition 2021.2.2\bin -Dfile.encoding=UTF-8 com.example.demo.DemoApplication

Host: Intel(R) Core(TM) i5-9300H CPU @ 2.40GHz, 8 cores, 7G,  Windows 10 , 64 bit Build 19041 (10.0.19041.1645)
Time: Tue May  3 12:06:03 2022 GTB Daylight Time elapsed time: 2388.792106 seconds (0d 0h 39m 48s)

---------------  T H R E A D  ---------------

Current thread (0x00000198cb52bbc0):  JavaThread "C2 CompilerThread0" daemon [_thread_in_native, id=12020, stack(0x0000003600a00000,0x0000003600b00000)]


Current CompileTask:
C2:2388792 3865       4       java.util.concurrent.ConcurrentHashMap$KeySetView::iterator (34 bytes)

Stack: [0x0000003600a00000,0x0000003600b00000]
Native frames: (J=compiled Java code, j=interpreted, Vv=VM code, C=native code)
V  [jvm.dll+0x647e0a]
V  [jvm.dll+0x7f0549]
V  [jvm.dll+0x7f1cfe]
V  [jvm.dll+0x7f2343]
V  [jvm.dll+0x23dd88]
V  [jvm.dll+0xc879a]
V  [jvm.dll+0xc8d4c]
V  [jvm.dll+0x351627]
V  [jvm.dll+0x31b53f]
V  [jvm.dll+0x31a97a]
V  [jvm.dll+0x210990]
V  [jvm.dll+0x20ff17]
V  [jvm.dll+0x1a0d9b]
V  [jvm.dll+0x21f909]
V  [jvm.dll+0x21da9b]
V  [jvm.dll+0x7a8662]
V  [jvm.dll+0x7a223a]
V  [jvm.dll+0x646c46]
C  [ucrtbase.dll+0x21bb2]
C  [KERNEL32.DLL+0x17034]
C  [ntdll.dll+0x52651]


---------------  P R O C E S S  ---------------

Threads class SMR info:
_java_thread_list=0x00000198cf08a2b0, length=30, elements={
0x00000198cb516550, 0x00000198cb517320, 0x00000198cb523e90, 0x00000198cb5267b0,
0x00000198cb5270c0, 0x00000198cb5279d0, 0x00000198cb52bbc0, 0x00000198cb5365e0,
0x00000198cb539340, 0x00000198cc0af4f0, 0x00000198cc321e20, 0x00000198cc322340,
0x00000198cfb89a30, 0x00000198cf328e20, 0x00000198cf6b1a70, 0x00000198d05e98c0,
0x00000198d05e7e30, 0x00000198d05e9e10, 0x00000198d05ea360, 0x00000198d05ea8b0,
0x00000198d05e9370, 0x00000198d05eae00, 0x00000198d05eb350, 0x00000198d05e8380,
0x00000198d05e88d0, 0x00000198d05e8e20, 0x00000198cfa6cef0, 0x00000198cfa6c450,
0x00000198cfa6b9b0, 0x00000198cfa6a9c0
}

Java Threads: ( => current thread )
  0x00000198cb516550 JavaThread "Reference Handler" daemon [_thread_blocked, id=16732, stack(0x0000003600400000,0x0000003600500000)]
  0x00000198cb517320 JavaThread "Finalizer" daemon [_thread_blocked, id=15708, stack(0x0000003600500000,0x0000003600600000)]
  0x00000198cb523e90 JavaThread "Signal Dispatcher" daemon [_thread_blocked, id=11780, stack(0x0000003600600000,0x0000003600700000)]
  0x00000198cb5267b0 JavaThread "Attach Listener" daemon [_thread_blocked, id=32, stack(0x0000003600700000,0x0000003600800000)]
  0x00000198cb5270c0 JavaThread "Service Thread" daemon [_thread_blocked, id=4660, stack(0x0000003600800000,0x0000003600900000)]
  0x00000198cb5279d0 JavaThread "Monitor Deflation Thread" daemon [_thread_blocked, id=13116, stack(0x0000003600900000,0x0000003600a00000)]
=>0x00000198cb52bbc0 JavaThread "C2 CompilerThread0" daemon [_thread_in_native, id=12020, stack(0x0000003600a00000,0x0000003600b00000)]
  0x00000198cb5365e0 JavaThread "C1 CompilerThread0" daemon [_thread_blocked, id=12268, stack(0x0000003600b00000,0x0000003600c00000)]
  0x00000198cb539340 JavaThread "Sweeper thread" daemon [_thread_blocked, id=2140, stack(0x0000003600c00000,0x0000003600d00000)]
  0x00000198cc0af4f0 JavaThread "Common-Cleaner" daemon [_thread_blocked, id=17136, stack(0x0000003600d00000,0x0000003600e00000)]
  0x00000198cc321e20 JavaThread "Monitor Ctrl-Break" daemon [_thread_in_native, id=2236, stack(0x0000003600f00000,0x0000003601000000)]
  0x00000198cc322340 JavaThread "Notification Thread" daemon [_thread_blocked, id=14888, stack(0x0000003601000000,0x0000003601100000)]
  0x00000198cfb89a30 JavaThread "Catalina-utility-1" [_thread_blocked, id=9500, stack(0x0000003601c00000,0x0000003601d00000)]
  0x00000198cf328e20 JavaThread "Catalina-utility-2" [_thread_blocked, id=6084, stack(0x0000003601d00000,0x0000003601e00000)]
  0x00000198cf6b1a70 JavaThread "container-0" [_thread_blocked, id=9344, stack(0x0000003601e00000,0x0000003601f00000)]
  0x00000198d05e98c0 JavaThread "File Watcher" daemon [_thread_blocked, id=4020, stack(0x0000003601f00000,0x0000003602000000)]
  0x00000198d05e7e30 JavaThread "Live Reload Server" daemon [_thread_in_native, id=12384, stack(0x0000003602100000,0x0000003602200000)]
  0x00000198d05e9e10 JavaThread "http-nio-8080-exec-1" daemon [_thread_blocked, id=14728, stack(0x0000003602000000,0x0000003602100000)]
  0x00000198d05ea360 JavaThread "http-nio-8080-exec-2" daemon [_thread_blocked, id=1524, stack(0x0000003602200000,0x0000003602300000)]
  0x00000198d05ea8b0 JavaThread "http-nio-8080-exec-3" daemon [_thread_blocked, id=4412, stack(0x0000003602300000,0x0000003602400000)]
  0x00000198d05e9370 JavaThread "http-nio-8080-exec-4" daemon [_thread_blocked, id=16452, stack(0x0000003602400000,0x0000003602500000)]
  0x00000198d05eae00 JavaThread "http-nio-8080-exec-5" daemon [_thread_blocked, id=4036, stack(0x0000003602500000,0x0000003602600000)]
  0x00000198d05eb350 JavaThread "http-nio-8080-exec-6" daemon [_thread_blocked, id=14440, stack(0x0000003602600000,0x0000003602700000)]
  0x00000198d05e8380 JavaThread "http-nio-8080-exec-7" daemon [_thread_blocked, id=12672, stack(0x0000003602700000,0x0000003602800000)]
  0x00000198d05e88d0 JavaThread "http-nio-8080-exec-8" daemon [_thread_blocked, id=8476, stack(0x0000003602800000,0x0000003602900000)]
  0x00000198d05e8e20 JavaThread "http-nio-8080-exec-9" daemon [_thread_blocked, id=6496, stack(0x0000003602900000,0x0000003602a00000)]
  0x00000198cfa6cef0 JavaThread "http-nio-8080-exec-10" daemon [_thread_blocked, id=12500, stack(0x0000003602a00000,0x0000003602b00000)]
  0x00000198cfa6c450 JavaThread "http-nio-8080-Poller" daemon [_thread_in_native, id=15624, stack(0x0000003602b00000,0x0000003602c00000)]
  0x00000198cfa6b9b0 JavaThread "http-nio-8080-Acceptor" daemon [_thread_in_native, id=15804, stack(0x0000003602c00000,0x0000003602d00000)]
  0x00000198cfa6a9c0 JavaThread "DestroyJavaVM" [_thread_blocked, id=16456, stack(0x000000367fd00000,0x000000367fe00000)]

Other Threads:
  0x00000198cb5109e0 VMThread "VM Thread" [stack: 0x0000003600300000,0x0000003600400000] [id=15192]
  0x00000198cc2f40c0 WatcherThread [stack: 0x0000003601100000,0x0000003601200000] [id=11364]
  0x00000198ac2bd940 GCTaskThread "GC Thread#0" [stack: 0x000000367fe00000,0x000000367ff00000] [id=7592]
  0x00000198cc89b570 GCTaskThread "GC Thread#1" [stack: 0x0000003601400000,0x0000003601500000] [id=10220]
  0x00000198cc89b880 GCTaskThread "GC Thread#2" [stack: 0x0000003601500000,0x0000003601600000] [id=6780]
  0x00000198cc7fae70 GCTaskThread "GC Thread#3" [stack: 0x0000003601600000,0x0000003601700000] [id=9180]
  0x00000198cc7fb600 GCTaskThread "GC Thread#4" [stack: 0x0000003601700000,0x0000003601800000] [id=964]
  0x00000198ccbc86e0 GCTaskThread "GC Thread#5" [stack: 0x0000003601800000,0x0000003601900000] [id=17032]
  0x00000198cc8429c0 GCTaskThread "GC Thread#6" [stack: 0x0000003601900000,0x0000003601a00000] [id=17364]
  0x00000198ccb86990 GCTaskThread "GC Thread#7" [stack: 0x0000003601b00000,0x0000003601c00000] [id=8524]
  0x00000198ac2cf660 ConcurrentGCThread "G1 Main Marker" [stack: 0x000000367ff00000,0x0000003680000000] [id=12704]
  0x00000198ac2d0ff0 ConcurrentGCThread "G1 Conc#0" [stack: 0x0000003600000000,0x0000003600100000] [id=17400]
  0x00000198cd3323e0 ConcurrentGCThread "G1 Conc#1" [stack: 0x0000003601a00000,0x0000003601b00000] [id=6612]
  0x00000198ac35e5e0 ConcurrentGCThread "G1 Refine#0" [stack: 0x0000003600100000,0x0000003600200000] [id=16632]
  0x00000198cb3c40d0 ConcurrentGCThread "G1 Service" [stack: 0x0000003600200000,0x0000003600300000] [id=2616]

Threads with active compile tasks:
C2 CompilerThread0  2388818 3865       4       java.util.concurrent.ConcurrentHashMap$KeySetView::iterator (34 bytes)

VM state: not at safepoint (normal execution)

VM Mutex/Monitor currently owned by a thread: None

Heap address: 0x0000000081200000, size: 2030 MB, Compressed Oops mode: 32-bit

CDS archive(s) mapped at: [0x0000000800000000-0x0000000800be0000-0x0000000800be0000), size 12451840, SharedBaseAddress: 0x0000000800000000, ArchiveRelocationMode: 0.
Compressed class space mapped at: 0x0000000800c00000-0x0000000840c00000, reserved size: 1073741824
Narrow klass base: 0x0000000800000000, Narrow klass shift: 3, Narrow klass range: 0x100000000

GC Precious Log:
 CPUs: 8 total, 8 available
 Memory: 8112M
 Large Page Support: Disabled
 NUMA Support: Disabled
 Compressed Oops: Enabled (32-bit)
 Heap Region Size: 1M
 Heap Min Capacity: 8M
 Heap Initial Capacity: 128M
 Heap Max Capacity: 2030M
 Pre-touch: Disabled
 Parallel Workers: 8
 Concurrent Workers: 2
 Concurrent Refinement Workers: 8
 Periodic GC: Disabled

Heap:
 garbage-first heap   total 37888K, used 26976K [0x0000000081200000, 0x0000000100000000)
  region size 1024K, 14 young (14336K), 1 survivors (1024K)
 Metaspace       used 31099K, committed 31488K, reserved 1081344K
  class space    used 3732K, committed 3904K, reserved 1048576K

Heap Regions: E=young(eden), S=young(survivor), O=old, HS=humongous(starts), HC=humongous(continues), CS=collection set, F=free, OA=open archive, CA=closed archive, TAMS=top-at-mark-start (previous, next)
|   0|0x0000000081200000, 0x0000000081300000, 0x0000000081300000|100%| O|  |TAMS 0x0000000081300000, 0x0000000081200000| Untracked 
|   1|0x0000000081300000, 0x0000000081400000, 0x0000000081400000|100%| O|  |TAMS 0x0000000081400000, 0x0000000081300000| Untracked 
|   2|0x0000000081400000, 0x0000000081500000, 0x0000000081500000|100%| O|  |TAMS 0x0000000081500000, 0x0000000081400000| Untracked 
|   3|0x0000000081500000, 0x0000000081600000, 0x0000000081600000|100%| O|  |TAMS 0x0000000081600000, 0x0000000081500000| Untracked 
|   4|0x0000000081600000, 0x000000008165be00, 0x0000000081700000| 35%| O|  |TAMS 0x000000008165be00, 0x0000000081600000| Untracked 
|   5|0x0000000081700000, 0x0000000081800000, 0x0000000081800000|100%| O|  |TAMS 0x0000000081700000, 0x0000000081700000| Untracked 
|   6|0x0000000081800000, 0x0000000081900000, 0x0000000081900000|100%| O|  |TAMS 0x0000000081800000, 0x0000000081800000| Untracked 
|   7|0x0000000081900000, 0x0000000081a00000, 0x0000000081a00000|100%| O|  |TAMS 0x0000000081900000, 0x0000000081900000| Untracked 
|   8|0x0000000081a00000, 0x0000000081b00000, 0x0000000081b00000|100%| O|  |TAMS 0x0000000081a00000, 0x0000000081a00000| Untracked 
|   9|0x0000000081b00000, 0x0000000081c00000, 0x0000000081c00000|100%| O|  |TAMS 0x0000000081b00000, 0x0000000081b00000| Untracked 
|  10|0x0000000081c00000, 0x0000000081d00000, 0x0000000081d00000|100%| O|  |TAMS 0x0000000081c00000, 0x0000000081c00000| Untracked 
|  11|0x0000000081d00000, 0x0000000081e00000, 0x0000000081e00000|100%| O|  |TAMS 0x0000000081d00000, 0x0000000081d00000| Untracked 
|  12|0x0000000081e00000, 0x0000000081f00000, 0x0000000081f00000|100%| O|  |TAMS 0x0000000081e00000, 0x0000000081e00000| Untracked 
|  13|0x0000000081f00000, 0x0000000082000000, 0x0000000082000000|100%| O|  |TAMS 0x0000000081f00000, 0x0000000081f00000| Untracked 
|  14|0x0000000082000000, 0x00000000820bfa00, 0x0000000082100000| 74%| O|  |TAMS 0x0000000082000000, 0x0000000082000000| Untracked 
|  15|0x0000000082100000, 0x0000000082100000, 0x0000000082200000|  0%| F|  |TAMS 0x0000000082100000, 0x0000000082100000| Untracked 
|  16|0x0000000082200000, 0x0000000082200000, 0x0000000082300000|  0%| F|  |TAMS 0x0000000082200000, 0x0000000082200000| Untracked 
|  17|0x0000000082300000, 0x0000000082300000, 0x0000000082400000|  0%| F|  |TAMS 0x0000000082300000, 0x0000000082300000| Untracked 
|  18|0x0000000082400000, 0x0000000082400000, 0x0000000082500000|  0%| F|  |TAMS 0x0000000082400000, 0x0000000082400000| Untracked 
|  19|0x0000000082500000, 0x0000000082500000, 0x0000000082600000|  0%| F|  |TAMS 0x0000000082500000, 0x0000000082500000| Untracked 
|  20|0x0000000082600000, 0x0000000082600000, 0x0000000082700000|  0%| F|  |TAMS 0x0000000082600000, 0x0000000082600000| Untracked 
|  21|0x0000000082700000, 0x0000000082700000, 0x0000000082800000|  0%| F|  |TAMS 0x0000000082700000, 0x0000000082700000| Untracked 
|  22|0x0000000082800000, 0x0000000082800000, 0x0000000082900000|  0%| F|  |TAMS 0x0000000082800000, 0x0000000082800000| Untracked 
|  23|0x0000000082900000, 0x000000008293c840, 0x0000000082a00000| 23%| S|CS|TAMS 0x0000000082900000, 0x0000000082900000| Complete 
|  24|0x0000000082a00000, 0x0000000082a870e8, 0x0000000082b00000| 52%| E|  |TAMS 0x0000000082a00000, 0x0000000082a00000| Complete 
|  25|0x0000000082b00000, 0x0000000082c00000, 0x0000000082c00000|100%| E|CS|TAMS 0x0000000082b00000, 0x0000000082b00000| Complete 
|  26|0x0000000082c00000, 0x0000000082d00000, 0x0000000082d00000|100%| E|CS|TAMS 0x0000000082c00000, 0x0000000082c00000| Complete 
|  27|0x0000000082d00000, 0x0000000082e00000, 0x0000000082e00000|100%| E|CS|TAMS 0x0000000082d00000, 0x0000000082d00000| Complete 
|  28|0x0000000082e00000, 0x0000000082f00000, 0x0000000082f00000|100%| E|CS|TAMS 0x0000000082e00000, 0x0000000082e00000| Complete 
|  29|0x0000000082f00000, 0x0000000083000000, 0x0000000083000000|100%| E|CS|TAMS 0x0000000082f00000, 0x0000000082f00000| Complete 
|  30|0x0000000083000000, 0x0000000083100000, 0x0000000083100000|100%| E|CS|TAMS 0x0000000083000000, 0x0000000083000000| Complete 
|  76|0x0000000085e00000, 0x0000000085f00000, 0x0000000085f00000|100%| E|CS|TAMS 0x0000000085e00000, 0x0000000085e00000| Complete 
|  77|0x0000000085f00000, 0x0000000086000000, 0x0000000086000000|100%| E|CS|TAMS 0x0000000085f00000, 0x0000000085f00000| Complete 
|  78|0x0000000086000000, 0x0000000086100000, 0x0000000086100000|100%| E|CS|TAMS 0x0000000086000000, 0x0000000086000000| Complete 
|  79|0x0000000086100000, 0x0000000086200000, 0x0000000086200000|100%| E|CS|TAMS 0x0000000086100000, 0x0000000086100000| Complete 
|  80|0x0000000086200000, 0x0000000086300000, 0x0000000086300000|100%| E|CS|TAMS 0x0000000086200000, 0x0000000086200000| Complete 
| 127|0x0000000089100000, 0x0000000089200000, 0x0000000089200000|100%| E|CS|TAMS 0x0000000089100000, 0x0000000089100000| Complete 

Card table byte_map: [0x00000198c4380000,0x00000198c4780000] _byte_map_base: 0x00000198c3f77000

Marking Bits (Prev, Next): (CMBitMap*) 0x00000198ac2bef10, (CMBitMap*) 0x00000198ac2beed0
 Prev Bits: [0x00000198c6b40000, 0x00000198c8af8000)
 Next Bits: [0x00000198c4b80000, 0x00000198c6b38000)

Polling page: 0x00000198aa220000

Metaspace:

Usage:
  Non-class:     26.73 MB used.
      Class:      3.64 MB used.
       Both:     30.37 MB used.

Virtual space:
  Non-class space:       32.00 MB reserved,      26.94 MB ( 84%) committed,  4 nodes.
      Class space:        1.00 GB reserved,       3.81 MB ( <1%) committed,  1 nodes.
              Both:        1.03 GB reserved,      30.75 MB (  3%) committed. 

Chunk freelists:
   Non-Class:  944.00 KB
       Class:  208.00 KB
        Both:  1.13 MB

MaxMetaspaceSize: 17179869184.00 GB
CompressedClassSpaceSize: 1.00 GB
 - commit_granule_bytes: 65536.
 - commit_granule_words: 8192.
 - virtual_space_node_default_size: 1048576.
 - enlarge_chunks_in_place: 1.
 - new_chunks_are_fully_committed: 0.
 - uncommit_free_chunks: 1.
 - use_allocation_guard: 0.
 - handle_deallocations: 1.


Internal statistics:

num_allocs_failed_limit: 3.
num_arena_births: 338.
num_arena_deaths: 0.
num_vsnodes_births: 5.
num_vsnodes_deaths: 0.
num_space_committed: 492.
num_space_uncommitted: 0.
num_chunks_returned_to_freelist: 3.
num_chunks_taken_from_freelist: 1410.
num_chunk_merges: 3.
num_chunk_splits: 962.
num_chunks_enlarged: 734.
num_purges: 0.

CodeHeap 'non-profiled nmethods': size=120000Kb used=1997Kb max_used=1997Kb free=118002Kb
 bounds [0x00000198bc720000, 0x00000198bc990000, 0x00000198c3c50000]
CodeHeap 'profiled nmethods': size=120000Kb used=8075Kb max_used=8075Kb free=111924Kb
 bounds [0x00000198b51f0000, 0x00000198b59e0000, 0x00000198bc720000]
CodeHeap 'non-nmethods': size=5760Kb used=1240Kb max_used=1316Kb free=4519Kb
 bounds [0x00000198b4c50000, 0x00000198b4ec0000, 0x00000198b51f0000]
 total_blobs=4394 nmethods=3850 adapters=456
 compilation: enabled
              stopped_count=0, restarted_count=0
 full_count=0

Compilation events (20 events):
Event: 1923.930 Thread 0x00000198cb5365e0 nmethod 3855 0x00000198b59cb890 code [0x00000198b59cbc80, 0x00000198b59cdfd8]
Event: 1923.930 Thread 0x00000198cb5365e0 3856   !   3       org.apache.catalina.core.StandardContext::unbind (87 bytes)
Event: 1923.930 Thread 0x00000198cb5365e0 nmethod 3856 0x00000198b59cea10 code [0x00000198b59cece0, 0x00000198b59cff98]
Event: 2060.671 Thread 0x00000198cb52bbc0 3857       4       java.util.concurrent.locks.AbstractQueuedSynchronizer$Node::getAndUnsetStatus (14 bytes)
Event: 2060.672 Thread 0x00000198cb52bbc0 nmethod 3857 0x00000198bc912690 code [0x00000198bc912820, 0x00000198bc9128f8]
Event: 2164.127 Thread 0x00000198cb5365e0 3858       3       java.util.TreeMap::addEntryToEmptyMap (37 bytes)
Event: 2164.127 Thread 0x00000198cb5365e0 nmethod 3858 0x00000198b59d0490 code [0x00000198b59d0680, 0x00000198b59d0d78]
Event: 2178.667 Thread 0x00000198cb52bbc0 3859       4       java.util.concurrent.locks.LockSupport::setCurrentBlocker (14 bytes)
Event: 2178.668 Thread 0x00000198cb52bbc0 nmethod 3859 0x00000198bc912990 code [0x00000198bc912b00, 0x00000198bc912c38]
Event: 2196.675 Thread 0x00000198cb5365e0 3860       3       java.util.concurrent.locks.AbstractQueuedSynchronizer$ConditionObject::enableWait (84 bytes)
Event: 2196.675 Thread 0x00000198cb5365e0 nmethod 3860 0x00000198b59d0f90 code [0x00000198b59d11c0, 0x00000198b59d1928]
Event: 2241.873 Thread 0x00000198cb52bbc0 3861       4       java.util.HashMap::entrySet (27 bytes)
Event: 2241.874 Thread 0x00000198cb52bbc0 nmethod 3861 0x00000198bc912c90 code [0x00000198bc912e20, 0x00000198bc912ff8]
Event: 2242.885 Thread 0x00000198cb52bbc0 3862       4       java.util.HashMap$EntrySet::iterator (12 bytes)
Event: 2242.888 Thread 0x00000198cb52bbc0 nmethod 3862 0x00000198bc913090 code [0x00000198bc913220, 0x00000198bc9134d8]
Event: 2264.227 Thread 0x00000198cb5365e0 3863       3       java.util.TreeSet::<init> (10 bytes)
Event: 2264.227 Thread 0x00000198cb5365e0 nmethod 3863 0x00000198b59d1b90 code [0x00000198b59d1d40, 0x00000198b59d1fb8]
Event: 2304.243 Thread 0x00000198cb5365e0 3864   !   3       org.apache.catalina.core.StandardContext::getManager (38 bytes)
Event: 2304.243 Thread 0x00000198cb5365e0 nmethod 3864 0x00000198b59d2090 code [0x00000198b59d22c0, 0x00000198b59d29e8]
Event: 2388.787 Thread 0x00000198cb52bbc0 3865       4       java.util.concurrent.ConcurrentHashMap$KeySetView::iterator (34 bytes)

GC Heap History (14 events):
Event: 0.605 GC heap before
{Heap before GC invocations=0 (full 0):
 garbage-first heap   total 131072K, used 23552K [0x0000000081200000, 0x0000000100000000)
  region size 1024K, 23 young (23552K), 0 survivors (0K)
 Metaspace       used 5890K, committed 6080K, reserved 1056768K
  class space    used 635K, committed 704K, reserved 1048576K
}
Event: 0.609 GC heap after
{Heap after GC invocations=1 (full 0):
 garbage-first heap   total 131072K, used 4426K [0x0000000081200000, 0x0000000100000000)
  region size 1024K, 3 young (3072K), 3 survivors (3072K)
 Metaspace       used 5890K, committed 6080K, reserved 1056768K
  class space    used 635K, committed 704K, reserved 1048576K
}
Event: 1.059 GC heap before
{Heap before GC invocations=1 (full 0):
 garbage-first heap   total 131072K, used 32074K [0x0000000081200000, 0x0000000100000000)
  region size 1024K, 31 young (31744K), 3 survivors (3072K)
 Metaspace       used 13240K, committed 13440K, reserved 1064960K
  class space    used 1546K, committed 1664K, reserved 1048576K
}
Event: 1.063 GC heap after
{Heap after GC invocations=2 (full 0):
 garbage-first heap   total 131072K, used 6161K [0x0000000081200000, 0x0000000100000000)
  region size 1024K, 2 young (2048K), 2 survivors (2048K)
 Metaspace       used 13240K, committed 13440K, reserved 1064960K
  class space    used 1546K, committed 1664K, reserved 1048576K
}
Event: 1.943 GC heap before
{Heap before GC invocations=2 (full 0):
 garbage-first heap   total 131072K, used 51217K [0x0000000081200000, 0x0000000100000000)
  region size 1024K, 47 young (48128K), 2 survivors (2048K)
 Metaspace       used 20979K, committed 21248K, reserved 1073152K
  class space    used 2539K, committed 2688K, reserved 1048576K
}
Event: 1.947 GC heap after
{Heap after GC invocations=3 (full 0):
 garbage-first heap   total 131072K, used 9309K [0x0000000081200000, 0x0000000100000000)
  region size 1024K, 5 young (5120K), 5 survivors (5120K)
 Metaspace       used 20979K, committed 21248K, reserved 1073152K
  class space    used 2539K, committed 2688K, reserved 1048576K
}
Event: 2.266 GC heap before
{Heap before GC invocations=4 (full 0):
 garbage-first heap   total 37888K, used 27741K [0x0000000081200000, 0x0000000100000000)
  region size 1024K, 23 young (23552K), 5 survivors (5120K)
 Metaspace       used 24467K, committed 24768K, reserved 1073152K
  class space    used 2935K, committed 3072K, reserved 1048576K
}
Event: 2.271 GC heap after
{Heap after GC invocations=5 (full 0):
 garbage-first heap   total 37888K, used 11130K [0x0000000081200000, 0x0000000100000000)
  region size 1024K, 2 young (2048K), 2 survivors (2048K)
 Metaspace       used 24467K, committed 24768K, reserved 1073152K
  class space    used 2935K, committed 3072K, reserved 1048576K
}
Event: 2.607 GC heap before
{Heap before GC invocations=5 (full 0):
 garbage-first heap   total 37888K, used 27514K [0x0000000081200000, 0x0000000100000000)
  region size 1024K, 18 young (18432K), 2 survivors (2048K)
 Metaspace       used 27319K, committed 27648K, reserved 1081344K
  class space    used 3296K, committed 3456K, reserved 1048576K
}
Event: 2.610 GC heap after
{Heap after GC invocations=6 (full 0):
 garbage-first heap   total 37888K, used 13324K [0x0000000081200000, 0x0000000100000000)
  region size 1024K, 3 young (3072K), 3 survivors (3072K)
 Metaspace       used 27319K, committed 27648K, reserved 1081344K
  class space    used 3296K, committed 3456K, reserved 1048576K
}
Event: 115.573 GC heap before
{Heap before GC invocations=6 (full 0):
 garbage-first heap   total 37888K, used 26636K [0x0000000081200000, 0x0000000100000000)
  region size 1024K, 17 young (17408K), 3 survivors (3072K)
 Metaspace       used 30956K, committed 31296K, reserved 1081344K
  class space    used 3732K, committed 3904K, reserved 1048576K
}
Event: 115.576 GC heap after
{Heap after GC invocations=7 (full 0):
 garbage-first heap   total 37888K, used 14181K [0x0000000081200000, 0x0000000100000000)
  region size 1024K, 2 young (2048K), 2 survivors (2048K)
 Metaspace       used 30956K, committed 31296K, reserved 1081344K
  class space    used 3732K, committed 3904K, reserved 1048576K
}
Event: 1267.287 GC heap before
{Heap before GC invocations=7 (full 0):
 garbage-first heap   total 37888K, used 27493K [0x0000000081200000, 0x0000000100000000)
  region size 1024K, 15 young (15360K), 2 survivors (2048K)
 Metaspace       used 31095K, committed 31488K, reserved 1081344K
  class space    used 3732K, committed 3904K, reserved 1048576K
}
Event: 1267.288 GC heap after
{Heap after GC invocations=8 (full 0):
 garbage-first heap   total 37888K, used 14688K [0x0000000081200000, 0x0000000100000000)
  region size 1024K, 1 young (1024K), 1 survivors (1024K)
 Metaspace       used 31095K, committed 31488K, reserved 1081344K
  class space    used 3732K, committed 3904K, reserved 1048576K
}

Deoptimization events (20 events):
Event: 29.821 Thread 0x00000198d05eae00 DEOPT PACKING pc=0x00000198bc8c6508 sp=0x00000036025fc250
Event: 29.821 Thread 0x00000198d05eae00 DEOPT UNPACKING pc=0x00000198b4c9d72e sp=0x00000036025fc170 mode 2
Event: 45.107 Thread 0x00000198d05e98c0 DEOPT PACKING pc=0x00000198b581b0c7 sp=0x0000003601ffeb00
Event: 45.108 Thread 0x00000198d05e98c0 DEOPT UNPACKING pc=0x00000198b4c9dece sp=0x0000003601ffdfc8 mode 0
Event: 48.420 Thread 0x00000198d05e8380 Uncommon trap: trap_request=0xffffff45 fr.pc=0x00000198bc862424 relative=0x00000000000001e4
Event: 48.420 Thread 0x00000198d05e8380 Uncommon trap: reason=unstable_if action=reinterpret pc=0x00000198bc862424 method=java.util.HashMap.getNode(Ljava/lang/Object;)Ljava/util/HashMap$Node; @ 66 c2
Event: 48.420 Thread 0x00000198d05e8380 DEOPT PACKING pc=0x00000198bc862424 sp=0x00000036027fc850
Event: 48.420 Thread 0x00000198d05e8380 DEOPT UNPACKING pc=0x00000198b4c9d72e sp=0x00000036027fc7d0 mode 2
Event: 48.420 Thread 0x00000198d05e8380 Uncommon trap: trap_request=0xffffff45 fr.pc=0x00000198bc8cb8d8 relative=0x00000000000007f8
Event: 48.420 Thread 0x00000198d05e8380 Uncommon trap: reason=unstable_if action=reinterpret pc=0x00000198bc8cb8d8 method=java.util.HashMap.putVal(ILjava/lang/Object;Ljava/lang/Object;ZZ)Ljava/lang/Object; @ 94 c2
Event: 48.420 Thread 0x00000198d05e8380 DEOPT PACKING pc=0x00000198bc8cb8d8 sp=0x00000036027fc840
Event: 48.420 Thread 0x00000198d05e8380 DEOPT UNPACKING pc=0x00000198b4c9d72e sp=0x00000036027fc7c8 mode 2
Event: 546.673 Thread 0x00000198cf328e20 Uncommon trap: trap_request=0xffffff45 fr.pc=0x00000198bc8f2cb4 relative=0x0000000000000094
Event: 546.673 Thread 0x00000198cf328e20 Uncommon trap: reason=unstable_if action=reinterpret pc=0x00000198bc8f2cb4 method=jdk.internal.misc.Unsafe.getAndBitwiseAndInt(Ljava/lang/Object;JI)I @ 21 c2
Event: 546.673 Thread 0x00000198cf328e20 DEOPT PACKING pc=0x00000198bc8f2cb4 sp=0x0000003601dfec40
Event: 546.673 Thread 0x00000198cf328e20 DEOPT UNPACKING pc=0x00000198b4c9d72e sp=0x0000003601dfeae0 mode 2
Event: 2154.669 Thread 0x00000198cf328e20 Uncommon trap: trap_request=0xffffff45 fr.pc=0x00000198bc911650 relative=0x0000000000000590
Event: 2154.669 Thread 0x00000198cf328e20 Uncommon trap: reason=unstable_if action=reinterpret pc=0x00000198bc911650 method=java.util.concurrent.locks.LockSupport.unpark(Ljava/lang/Thread;)V @ 1 c2
Event: 2154.669 Thread 0x00000198cf328e20 DEOPT PACKING pc=0x00000198bc911650 sp=0x0000003601dfec80
Event: 2154.669 Thread 0x00000198cf328e20 DEOPT UNPACKING pc=0x00000198b4c9d72e sp=0x0000003601dfeb00 mode 2

Classes unloaded (0 events):
No events

Classes redefined (0 events):
No events

Internal exceptions (20 events):
Event: 2.346 Thread 0x00000198cc802440 Exception <a 'java/lang/ClassNotFoundException'{0x00000000860db218}: org/springframework/web/servlet/config/annotation/WebMvcConfigurationSupportCustomizer> (0x00000000860db218) 
thrown [c:\wsjdk\correttojdksrc\installers\windows\zip\corretto-build\buildroot\src\hotspot\share\classfile\systemDictionary.cpp, line 256]
Event: 2.347 Thread 0x00000198cc802440 Exception <a 'java/lang/ClassNotFoundException'{0x00000000860ee918}: org/springframework/web/servlet/config/annotation/DelegatingWebMvcConfigurationCustomizer> (0x00000000860ee918) 
thrown [c:\wsjdk\correttojdksrc\installers\windows\zip\corretto-build\buildroot\src\hotspot\share\classfile\systemDictionary.cpp, line 256]
Event: 2.348 Thread 0x00000198cc802440 Exception <a 'java/lang/ClassNotFoundException'{0x00000000860f7840}: org/springframework/boot/autoconfigure/web/servlet/WebMvcAutoConfiguration$EnableWebMvcConfigurationCustomizer> (0x00000000860f7840) 
thrown [c:\wsjdk\correttojdksrc\installers\windows\zip\corretto-build\buildroot\src\hotspot\share\classfile\systemDictionary.cpp, line 256]
Event: 2.349 Thread 0x00000198cc802440 Exception <a 'java/lang/ClassNotFoundException'{0x0000000085f0bd68}: org/springframework/context/ResourceLoaderAwareCustomizer> (0x0000000085f0bd68) 
thrown [c:\wsjdk\correttojdksrc\installers\windows\zip\corretto-build\buildroot\src\hotspot\share\classfile\systemDictionary.cpp, line 256]
Event: 2.350 Thread 0x00000198cc802440 Exception <a 'java/lang/ClassNotFoundException'{0x0000000085f104d8}: org/springframework/beans/factory/AwareCustomizer> (0x0000000085f104d8) 
thrown [c:\wsjdk\correttojdksrc\installers\windows\zip\corretto-build\buildroot\src\hotspot\share\classfile\systemDictionary.cpp, line 256]
Event: 2.350 Thread 0x00000198cc802440 Exception <a 'java/lang/ClassNotFoundException'{0x0000000085f14050}: org/springframework/context/ApplicationContextAwareCustomizer> (0x0000000085f14050) 
thrown [c:\wsjdk\correttojdksrc\installers\windows\zip\corretto-build\buildroot\src\hotspot\share\classfile\systemDictionary.cpp, line 256]
Event: 2.350 Thread 0x00000198cc802440 Exception <a 'java/lang/ClassNotFoundException'{0x0000000085f193a0}: org/springframework/beans/factory/AwareCustomizer> (0x0000000085f193a0) 
thrown [c:\wsjdk\correttojdksrc\installers\windows\zip\corretto-build\buildroot\src\hotspot\share\classfile\systemDictionary.cpp, line 256]
Event: 2.351 Thread 0x00000198cc802440 Exception <a 'java/lang/ClassNotFoundException'{0x0000000085f1cef0}: org/springframework/web/context/ServletContextAwareCustomizer> (0x0000000085f1cef0) 
thrown [c:\wsjdk\correttojdksrc\installers\windows\zip\corretto-build\buildroot\src\hotspot\share\classfile\systemDictionary.cpp, line 256]
Event: 2.351 Thread 0x00000198cc802440 Exception <a 'java/lang/ClassNotFoundException'{0x0000000085f21ab8}: org/springframework/beans/factory/AwareCustomizer> (0x0000000085f21ab8) 
thrown [c:\wsjdk\correttojdksrc\installers\windows\zip\corretto-build\buildroot\src\hotspot\share\classfile\systemDictionary.cpp, line 256]
Event: 2.433 Thread 0x00000198cc802440 Exception <a 'java/lang/NoSuchMethodError'{0x0000000082e38b50}: 'void java.lang.invoke.DirectMethodHandle$Holder.invokeVirtual(java.lang.Object, java.lang.Object, int)'> (0x0000000082e38b50) 
thrown [c:\wsjdk\correttojdksrc\installers\windows\zip\corretto-build\buildroot\src\hotspot\share\interpreter\linkResolver.cpp, line 790]
Event: 2.434 Thread 0x00000198cc802440 Exception <a 'java/lang/NoSuchMethodError'{0x0000000082e540d0}: 'void java.lang.invoke.DirectMethodHandle$Holder.invokeVirtual(java.lang.Object, java.lang.Object, long)'> (0x0000000082e540d0) 
thrown [c:\wsjdk\correttojdksrc\installers\windows\zip\corretto-build\buildroot\src\hotspot\share\interpreter\linkResolver.cpp, line 790]
Event: 2.539 Thread 0x00000198cc802440 Exception <a 'java/lang/IncompatibleClassChangeError'{0x000000008293f600}: Found class java.lang.Object, but interface was expected> (0x000000008293f600) 
thrown [c:\wsjdk\correttojdksrc\installers\windows\zip\corretto-build\buildroot\src\hotspot\share\interpreter\linkResolver.cpp, line 857]
Event: 2.569 Thread 0x00000198cc802440 Exception <a 'java/lang/NoSuchMethodError'{0x0000000082879f08}: 'int java.lang.invoke.DirectMethodHandle$Holder.invokeStaticInit(java.lang.Object, java.lang.Object, java.lang.Object, java.lang.Object)'> (0x0000000082879f08) 
thrown [c:\wsjdk\correttojdksrc\installers\windows\zip\corretto-build\buildroot\src\hotspot\share\interpreter\linkResolver.cpp, line 790]
Event: 2.637 Thread 0x00000198cc802440 Exception <a 'java/lang/NoSuchMethodError'{0x00000000891a01b8}: 'java.lang.Object java.lang.invoke.DirectMethodHandle$Holder.newInvokeSpecial(java.lang.Object, java.lang.Object, int, java.lang.Object, java.lang.Object)'> (0x00000000891a01b8) 
thrown [c:\wsjdk\correttojdksrc\installers\windows\zip\corretto-build\buildroot\src\hotspot\share\interpreter\linkResolver.cpp, line 790]
Event: 2.639 Thread 0x00000198cc802440 Exception <a 'java/lang/NoSuchMethodError'{0x00000000891ac160}: 'java.lang.Object java.lang.invoke.DirectMethodHandle$Holder.invokeSpecial(java.lang.Object, java.lang.Object, int, java.lang.Object, int, java.lang.Object)'> (0x00000000891ac160) 
thrown [c:\wsjdk\correttojdksrc\installers\windows\zip\corretto-build\buildroot\src\hotspot\share\interpreter\linkResolver.cpp, line 790]
Event: 2.640 Thread 0x00000198cc802440 Exception <a 'java/lang/NoSuchMethodError'{0x00000000891b47c8}: 'java.lang.Object java.lang.invoke.DirectMethodHandle$Holder.newInvokeSpecial(java.lang.Object, java.lang.Object, int, java.lang.Object, int)'> (0x00000000891b47c8) 
thrown [c:\wsjdk\correttojdksrc\installers\windows\zip\corretto-build\buildroot\src\hotspot\share\interpreter\linkResolver.cpp, line 790]
Event: 2.640 Thread 0x00000198cc802440 Exception <a 'java/lang/NoSuchMethodError'{0x00000000891b89d8}: 'java.lang.Object java.lang.invoke.DirectMethodHandle$Holder.invokeSpecial(java.lang.Object, java.lang.Object, java.lang.Object, int, java.lang.Object, int)'> (0x00000000891b89d8) 
thrown [c:\wsjdk\correttojdksrc\installers\windows\zip\corretto-build\buildroot\src\hotspot\share\interpreter\linkResolver.cpp, line 790]
Event: 2.642 Thread 0x00000198cc802440 Exception <a 'java/lang/NoSuchMethodError'{0x00000000891c2d10}: 'void java.lang.invoke.DirectMethodHandle$Holder.invokeVirtual(java.lang.Object, java.lang.Object)'> (0x00000000891c2d10) 
thrown [c:\wsjdk\correttojdksrc\installers\windows\zip\corretto-build\buildroot\src\hotspot\share\interpreter\linkResolver.cpp, line 790]
Event: 48.395 Thread 0x00000198d05e8380 Exception <a 'java/lang/reflect/InvocationTargetException'{0x00000000862d14d8}> (0x00000000862d14d8) 
thrown [c:\wsjdk\correttojdksrc\installers\windows\zip\corretto-build\buildroot\src\hotspot\share\runtime\reflection.cpp, line 1157]
Event: 48.401 Thread 0x00000198d05e8380 Exception <a 'java/lang/NoClassDefFoundError'{0x0000000082a1c218}: sun/reflect/Reflection> (0x0000000082a1c218) 
thrown [c:\wsjdk\correttojdksrc\installers\windows\zip\corretto-build\buildroot\src\hotspot\share\classfile\systemDictionary.cpp, line 245]

Events (20 events):
Event: 1062.309 Executing  VM operation: Cleanup
Event: 1062.309 Executing  VM operation: Cleanup done
Event: 1146.868 Executing  VM operation: Cleanup
Event: 1146.868 Executing  VM operation: Cleanup done
Event: 1267.287 Executing  VM operation: G1CollectForAllocation
Event: 1267.288 Executing  VM operation: G1CollectForAllocation done
Event: 1318.610 Executing  VM operation: Cleanup
Event: 1318.610 Executing  VM operation: Cleanup done
Event: 1365.920 Executing  VM operation: Cleanup
Event: 1365.920 Executing  VM operation: Cleanup done
Event: 1442.418 Executing  VM operation: Cleanup
Event: 1442.418 Executing  VM operation: Cleanup done
Event: 1682.965 Executing  VM operation: Cleanup
Event: 1682.965 Executing  VM operation: Cleanup done
Event: 1784.574 Executing  VM operation: Cleanup
Event: 1784.575 Executing  VM operation: Cleanup done
Event: 2243.452 Executing  VM operation: Cleanup
Event: 2243.452 Executing  VM operation: Cleanup done
Event: 2244.467 Executing  VM operation: Cleanup
Event: 2244.467 Executing  VM operation: Cleanup done


Dynamic libraries:
0x00007ff78b010000 - 0x00007ff78b01d000 	C:\Users\Cristi\.jdks\corretto-16.0.2\bin\java.exe
0x00007ffa77290000 - 0x00007ffa77485000 	C:\WINDOWS\SYSTEM32\ntdll.dll
0x00007ffa76660000 - 0x00007ffa7671e000 	C:\WINDOWS\System32\KERNEL32.DLL
0x00007ffa74d20000 - 0x00007ffa74fe8000 	C:\WINDOWS\System32\KERNELBASE.dll
0x00007ffa74b90000 - 0x00007ffa74c90000 	C:\WINDOWS\System32\ucrtbase.dll
0x00007ffa6fc60000 - 0x00007ffa6fc78000 	C:\Users\Cristi\.jdks\corretto-16.0.2\bin\jli.dll
0x00007ffa6fc40000 - 0x00007ffa6fc55000 	C:\Users\Cristi\.jdks\corretto-16.0.2\bin\VCRUNTIME140.dll
0x00007ffa75b90000 - 0x00007ffa75d30000 	C:\WINDOWS\System32\USER32.dll
0x00007ffa5ed60000 - 0x00007ffa5effa000 	C:\WINDOWS\WinSxS\amd64_microsoft.windows.common-controls_6595b64144ccf1df_6.0.19041.1110_none_60b5254171f9507e\COMCTL32.dll
0x00007ffa74b60000 - 0x00007ffa74b82000 	C:\WINDOWS\System32\win32u.dll
0x00007ffa758c0000 - 0x00007ffa7595e000 	C:\WINDOWS\System32\msvcrt.dll
0x00007ffa75420000 - 0x00007ffa7544a000 	C:\WINDOWS\System32\GDI32.dll
0x00007ffa75100000 - 0x00007ffa7520b000 	C:\WINDOWS\System32\gdi32full.dll
0x00007ffa75060000 - 0x00007ffa750fd000 	C:\WINDOWS\System32\msvcp_win.dll
0x00007ffa75b50000 - 0x00007ffa75b80000 	C:\WINDOWS\System32\IMM32.DLL
0x00007ffa5c450000 - 0x00007ffa5c4eb000 	C:\Users\Cristi\.jdks\corretto-16.0.2\bin\msvcp140.dll
0x00007ffa3d530000 - 0x00007ffa3e139000 	C:\Users\Cristi\.jdks\corretto-16.0.2\bin\server\jvm.dll
0x00007ffa77190000 - 0x00007ffa7723e000 	C:\WINDOWS\System32\ADVAPI32.dll
0x00007ffa76720000 - 0x00007ffa767bc000 	C:\WINDOWS\System32\sechost.dll
0x00007ffa76aa0000 - 0x00007ffa76bc5000 	C:\WINDOWS\System32\RPCRT4.dll
0x00007ffa77240000 - 0x00007ffa77248000 	C:\WINDOWS\System32\PSAPI.DLL
0x00007ffa59f90000 - 0x00007ffa59f99000 	C:\WINDOWS\SYSTEM32\WSOCK32.dll
0x00007ffa62cb0000 - 0x00007ffa62cd7000 	C:\WINDOWS\SYSTEM32\WINMM.dll
0x00007ffa6d390000 - 0x00007ffa6d39a000 	C:\WINDOWS\SYSTEM32\VERSION.dll
0x00007ffa75d30000 - 0x00007ffa75d9b000 	C:\WINDOWS\System32\WS2_32.dll
0x00007ffa73260000 - 0x00007ffa73272000 	C:\WINDOWS\SYSTEM32\kernel.appcore.dll
0x00007ffa6e680000 - 0x00007ffa6e68a000 	C:\Users\Cristi\.jdks\corretto-16.0.2\bin\jimage.dll
0x00007ffa727d0000 - 0x00007ffa729b4000 	C:\WINDOWS\SYSTEM32\DBGHELP.DLL
0x00007ffa5b1d0000 - 0x00007ffa5b1fc000 	C:\WINDOWS\SYSTEM32\dbgcore.DLL
0x00007ffa74c90000 - 0x00007ffa74d12000 	C:\WINDOWS\System32\bcryptPrimitives.dll
0x00007ffa6e670000 - 0x00007ffa6e67e000 	C:\Users\Cristi\.jdks\corretto-16.0.2\bin\instrument.dll
0x00007ffa6d770000 - 0x00007ffa6d795000 	C:\Users\Cristi\.jdks\corretto-16.0.2\bin\java.dll
0x00007ffa75e00000 - 0x00007ffa76544000 	C:\WINDOWS\System32\SHELL32.dll
0x00007ffa729c0000 - 0x00007ffa73154000 	C:\WINDOWS\SYSTEM32\windows.storage.dll
0x00007ffa76e30000 - 0x00007ffa77184000 	C:\WINDOWS\System32\combase.dll
0x00007ffa74420000 - 0x00007ffa7444c000 	C:\WINDOWS\SYSTEM32\Wldp.dll
0x00007ffa76960000 - 0x00007ffa76a0d000 	C:\WINDOWS\System32\SHCORE.dll
0x00007ffa752f0000 - 0x00007ffa75345000 	C:\WINDOWS\System32\shlwapi.dll
0x00007ffa748f0000 - 0x00007ffa7490f000 	C:\WINDOWS\SYSTEM32\profapi.dll
0x00007ffa5ec60000 - 0x00007ffa5ec78000 	C:\Users\Cristi\.jdks\corretto-16.0.2\bin\zip.dll
0x00007ffa5f100000 - 0x00007ffa5f119000 	C:\Users\Cristi\.jdks\corretto-16.0.2\bin\net.dll
0x00007ffa69d90000 - 0x00007ffa69e9a000 	C:\WINDOWS\SYSTEM32\WINHTTP.dll
0x00007ffa74180000 - 0x00007ffa741ea000 	C:\WINDOWS\system32\mswsock.dll
0x00007ffa5ec80000 - 0x00007ffa5ec93000 	C:\Users\Cristi\.jdks\corretto-16.0.2\bin\nio.dll
0x00007ffa5c780000 - 0x00007ffa5c79a000 	C:\Program Files\JetBrains\IntelliJ IDEA Community Edition 2021.2.2\bin\breakgen64.dll
0x00007ffa6e660000 - 0x00007ffa6e670000 	C:\Users\Cristi\.jdks\corretto-16.0.2\bin\verify.dll
0x00007ffa6d760000 - 0x00007ffa6d769000 	C:\Users\Cristi\.jdks\corretto-16.0.2\bin\management.dll
0x00007ffa5ec50000 - 0x00007ffa5ec5b000 	C:\Users\Cristi\.jdks\corretto-16.0.2\bin\management_ext.dll
0x00007ffa537a0000 - 0x00007ffa537b7000 	C:\WINDOWS\system32\napinsp.dll
0x00007ffa53770000 - 0x00007ffa5378b000 	C:\WINDOWS\system32\pnrpnsp.dll
0x00007ffa6f210000 - 0x00007ffa6f225000 	C:\WINDOWS\system32\wshbth.dll
0x00007ffa6fa70000 - 0x00007ffa6fa8d000 	C:\WINDOWS\system32\NLAapi.dll
0x00007ffa73e20000 - 0x00007ffa73e5b000 	C:\WINDOWS\SYSTEM32\IPHLPAPI.DLL
0x00007ffa73e60000 - 0x00007ffa73f2b000 	C:\WINDOWS\SYSTEM32\DNSAPI.dll
0x00007ffa75b80000 - 0x00007ffa75b88000 	C:\WINDOWS\System32\NSI.dll
0x00007ffa536d0000 - 0x00007ffa536e2000 	C:\WINDOWS\System32\winrnr.dll
0x00007ffa694f0000 - 0x00007ffa694fa000 	C:\Windows\System32\rasadhlp.dll
0x00007ffa67e00000 - 0x00007ffa67e7f000 	C:\WINDOWS\System32\fwpuclnt.dll
0x00007ffa75210000 - 0x00007ffa75237000 	C:\WINDOWS\System32\bcrypt.dll
0x00007ffa74370000 - 0x00007ffa74388000 	C:\WINDOWS\SYSTEM32\CRYPTSP.dll
0x00007ffa73a90000 - 0x00007ffa73ac4000 	C:\WINDOWS\system32\rsaenh.dll
0x00007ffa74870000 - 0x00007ffa7489e000 	C:\WINDOWS\SYSTEM32\USERENV.dll
0x00007ffa74390000 - 0x00007ffa7439c000 	C:\WINDOWS\SYSTEM32\CRYPTBASE.dll
0x00007ffa6c4a0000 - 0x00007ffa6c4b7000 	C:\WINDOWS\SYSTEM32\dhcpcsvc6.DLL
0x00007ffa6c440000 - 0x00007ffa6c45d000 	C:\WINDOWS\SYSTEM32\dhcpcsvc.DLL
0x00007ffa5c770000 - 0x00007ffa5c77e000 	C:\Users\Cristi\.jdks\corretto-16.0.2\bin\sunmscapi.dll
0x00007ffa74a00000 - 0x00007ffa74b56000 	C:\WINDOWS\System32\CRYPT32.dll
0x00007ffa74490000 - 0x00007ffa744b7000 	C:\WINDOWS\SYSTEM32\ncrypt.dll
0x00007ffa74450000 - 0x00007ffa7448b000 	C:\WINDOWS\SYSTEM32\NTASN1.dll
0x00007ffa5c760000 - 0x00007ffa5c767000 	C:\WINDOWS\system32\wshunix.dll

dbghelp: loaded successfully - version: 4.0.5 - missing functions: none
symbol engine: initialized successfully - sym options: 0x614 - pdb path: .;C:\Users\Cristi\.jdks\corretto-16.0.2\bin;C:\WINDOWS\SYSTEM32;C:\WINDOWS\WinSxS\amd64_microsoft.windows.common-controls_6595b64144ccf1df_6.0.19041.1110_none_60b5254171f9507e;C:\Users\Cristi\.jdks\corretto-16.0.2\bin\server;C:\Program Files\JetBrains\IntelliJ IDEA Community Edition 2021.2.2\bin

VM Arguments:
jvm_args: -javaagent:C:\Program Files\JetBrains\IntelliJ IDEA Community Edition 2021.2.2\lib\idea_rt.jar=64085:C:\Program Files\JetBrains\IntelliJ IDEA Community Edition 2021.2.2\bin -Dfile.encoding=UTF-8 
java_command: com.example.demo.DemoApplication
java_class_path (initial): C:\Users\Cristi\Desktop\Spring\demo\target\classes;C:\Users\Cristi\.m2\repository\org\springframework\boot\spring-boot-starter-web\2.6.7\spring-boot-starter-web-2.6.7.jar;C:\Users\Cristi\.m2\repository\org\springframework\boot\spring-boot-starter\2.6.7\spring-boot-starter-2.6.7.jar;C:\Users\Cristi\.m2\repository\org\springframework\boot\spring-boot-starter-logging\2.6.7\spring-boot-starter-logging-2.6.7.jar;C:\Users\Cristi\.m2\repository\ch\qos\logback\logback-classic\1.2.11\logback-classic-1.2.11.jar;C:\Users\Cristi\.m2\repository\ch\qos\logback\logback-core\1.2.11\logback-core-1.2.11.jar;C:\Users\Cristi\.m2\repository\org\apache\logging\log4j\log4j-to-slf4j\2.17.2\log4j-to-slf4j-2.17.2.jar;C:\Users\Cristi\.m2\repository\org\apache\logging\log4j\log4j-api\2.17.2\log4j-api-2.17.2.jar;C:\Users\Cristi\.m2\repository\org\slf4j\jul-to-slf4j\1.7.36\jul-to-slf4j-1.7.36.jar;C:\Users\Cristi\.m2\repository\jakarta\annotation\jakarta.annotation-api\1.3.5\jakarta.annotation-api-1.3.5.jar;C:\Users\Cristi\.m2\repository\org\yaml\snakeyaml\1.29\snakeyaml-1.29.jar;C:\Users\Cristi\.m2\repository\org\springframework\boot\spring-boot-starter-json\2.6.7\spring-boot-starter-json-2.6.7.jar;C:\Users\Cristi\.m2\repository\com\fasterxml\jackson\core\jackson-databind\2.13.2.1\jackson-databind-2.13.2.1.jar;C:\Users\Cristi\.m2\repository\com\fasterxml\jackson\core\jackson-annotations\2.13.2\jackson-annotations-2.13.2.jar;C:\Users\Cristi\.m2\repository\com\fasterxml\jackson\core\jackson-core\2.13.2\jackson-core-2.13.2.jar;C:\Users\Cristi\.m2\repository\com\fasterxml\jackson\datatype\jackson-datatype-jdk8\2.13.2\jackson-datatype-jdk8-2.13.2.jar;C:\Users\Cristi\.m2\repository\com\fasterxml\jackson\datatype\jackson-datatype-jsr310\2.13.2\jackson-datatype-jsr310-2.13.2.jar;C:\Users\Cristi\.m2\repository\com\fasterxml\jackson\module\jackson-module-parameter-names\2.13.2\jackson-module-parameter-names-2.13.2.jar;C:\Users\Cristi\.m2\repository\org\springframework\boot\spr
Launcher Type: SUN_STANDARD

[Global flags]
     intx CICompilerCount                          = 4                                         {product} {ergonomic}
     uint ConcGCThreads                            = 2                                         {product} {ergonomic}
     uint G1ConcRefinementThreads                  = 8                                         {product} {ergonomic}
   size_t G1HeapRegionSize                         = 1048576                                   {product} {ergonomic}
    uintx GCDrainStackTargetSize                   = 64                                        {product} {ergonomic}
   size_t InitialHeapSize                          = 134217728                                 {product} {ergonomic}
   size_t MarkStackSize                            = 4194304                                   {product} {ergonomic}
   size_t MaxHeapSize                              = 2128609280                                {product} {ergonomic}
   size_t MaxNewSize                               = 1277165568                                {product} {ergonomic}
   size_t MinHeapDeltaBytes                        = 1048576                                   {product} {ergonomic}
   size_t MinHeapSize                              = 8388608                                   {product} {ergonomic}
    uintx NonNMethodCodeHeapSize                   = 5839372                                {pd product} {ergonomic}
    uintx NonProfiledCodeHeapSize                  = 122909434                              {pd product} {ergonomic}
    uintx ProfiledCodeHeapSize                     = 122909434                              {pd product} {ergonomic}
    uintx ReservedCodeCacheSize                    = 251658240                              {pd product} {ergonomic}
     bool SegmentedCodeCache                       = true                                      {product} {ergonomic}
   size_t SoftMaxHeapSize                          = 2128609280                             {manageable} {ergonomic}
     bool UseCompressedClassPointers               = true                           {product lp64_product} {ergonomic}
     bool UseCompressedOops                        = true                           {product lp64_product} {ergonomic}
     bool UseG1GC                                  = true                                      {product} {ergonomic}
     bool UseLargePagesIndividualAllocation        = false                                  {pd product} {ergonomic}

Logging:
Log output configuration:
 #0: stdout all=warning uptime,level,tags
 #1: stderr all=off uptime,level,tags

Environment Variables:
JAVA_HOME=C:\Program Files\Java\jdk-15
PATH=C:\Program Files (x86)\NVIDIA Corporation\PhysX\Common;C:\Python310\Scripts\;C:\Python310\;C:\Program Files\Java\jdk-15\bin;C:\ProgramData\Oracle\Java\javapath;C:\Program Files\Common Files\Oracle\Java\javapath;C:\Program Files (x86)\Common Files\Oracle\Java\javapath;C:\Windows\system32;C:\Windows;C:\Windows\System32\Wbem;C:\Windows\System32\WindowsPowerShell\v1.0\;C:\Windows\System32\OpenSSH\;C:\Program Files\dotnet\;C:\Program Files\Microsoft SQL Server\130\Tools\Binn\;C:\Program Files\Java\jre1.8.0_231\bin;C:\Program Files\Java\jdk1.8.0_231\bin;C:\Program Files (x86)\IVI Foundation\VISA\WinNT\Bin\;C:\Program Files\IVI Foundation\VISA\Win64\Bin\;C:\Program Files (x86)\IVI Foundation\VISA\WinNT\Bin;C:\WINDOWS\system32;C:\WINDOWS;C:\WINDOWS\System32\Wbem;C:\WINDOWS\System32\WindowsPowerShell\v1.0\;C:\WINDOWS\System32\OpenSSH\;C:\Program Files\nodejs\;C:\ProgramData\chocolatey\bin;;C:\Program Files\NVIDIA Corporation\NVIDIA NvDLISR;C:\OrCAD\OrCAD_16.6_Lite\OpenAccess\bin\win32\opt;C:\OrCAD\OrCAD_16.6_Lite\tools\pcb\bin;C:\OrCAD\OrCAD_16.6_Lite\tools\fet\bin;C:\OrCAD\OrCAD_16.6_Lite\tools\Capture;C:\OrCAD\OrCAD_16.6_Lite\tools\PSpice;C:\OrCAD\OrCAD_16.6_Lite\tools\specctra\bin;C:\OrCAD\OrCAD_16.6_Lite\tools\bin;C:\Program Files\Java\jdk-15\bin;C:\Program Files (x86)\Java\jdk1.8.0_73\bin;C:\Program Files (x86)\Java\jre1.8.0_73\bin;C:\Program Files\Java\jdk-13.0.1\bin;C:\Program Files\JetBrains\PyCharm Community Edition 2019.3.3\bin;C:\Program Files\Java\jdk1.8.0_231\bin;C:\Users\Cristi\Desktop\OpenCV\apache-ant-1.9.15\bin;C:\Users\Cristi\.dotnet\tools;C:\Users\Cristi\AppData\Local\Microsoft\WindowsApps;;C:\Program Files\JetBrains\IntelliJ IDEA Community Edition 2021.2.2\bin;;C:\Users\Cristi\AppData\Roaming\npm;C:\Users\Cristi\AppData\Local\Programs\Microsoft VS Code\bin
USERNAME=Cristi
OS=Windows_NT
PROCESSOR_IDENTIFIER=Intel64 Family 6 Model 158 Stepping 10, GenuineIntel



---------------  S Y S T E M  ---------------

OS:
 Windows 10 , 64 bit Build 19041 (10.0.19041.1645)
OS uptime: 0 days 13:26 hours

CPU: total 8 (initial active 8) (4 cores per cpu, 2 threads per core) family 6 model 158 stepping 10 microcode 0xb4, cx8, cmov, fxsr, ht, mmx, 3dnowpref, sse, sse2, sse3, ssse3, sse4.1, sse4.2, popcnt, lzcnt, tsc, tscinvbit, avx, avx2, aes, erms, clmul, bmi1, bmi2, adx, fma, vzeroupper, clflush, clflushopt

Memory: 4k page, system-wide physical 8112M (225M free)
TotalPageFile size 32688M (AvailPageFile size 0M)
current process WorkingSet (physical memory assigned to process): 130M, peak: 160M
current process commit charge ("private bytes"): 171M, peak: 277M

vm_info: OpenJDK 64-Bit Server VM (16.0.2+7) for windows-amd64 JRE (16.0.2+7), built on Jul 22 2021 01:11:46 by "Administrator" with MS VC++ 15.9 (VS2017)

END.
